{ 
   "id" : "895198", 
   "name" : "Asriel", 
   "gui" : "FFFFFF", 
   "bg" : "000000", 
   "players" : [ 
      "FF0000", 
      "0000BB", 
      "00AA00", 
      "990099"
   ], 
   "objs" : [ 
      "FFFFFF", 
      "666666", 
      "FF66FF", 
      "66FF66", 
      "6666FF", 
      "FF6666", 
      "FFFF66", 
      "66FFFF", 
      "000000"
   ], 
   "bgs" : [ 
      "000000", 
      "000000", 
      "000000", 
      "000000", 
      "000000", 
      "000000", 
      "000000", 
      "000000", 
      "000000"
   ]
}
