{ 
   "id" : "302591", 
   "name" : "Just Shapes And Beats", 
   "gui" : "007EFE", 
   "bg" : "000000", 
   "players" : [ 
      "00FFFF", 
      "FFFF00", 
      "FF9900", 
      "5AE100"
   ], 
   "objs" : [ 
      "FE1F6F", 
      "C20134", 
      "FFFFFF", 
      "000000", 
      "960A54", 
      "3C1221", 
      "308DAB", 
      "666666", 
      "A869BA"
   ], 
   "bgs" : [ 
      "000000", 
      "000000", 
      "000000", 
      "000000", 
      "000000", 
      "000000", 
      "000000", 
      "000000", 
      "000000"
   ]
}